mktextfm ptmr7t
mktextfm ptmr7t
mktextfm ptmb7t
mktextfm nullfont
mktextfm ptmr7t
mktextfm pcrr7t
mktextfm ptmr7t
mktextfm ptmr7t
mktextfm ptmb7t
mktextfm nullfont
mktextfm ptmb7t
mktextfm nullfont
mktextfm ptmr7t
mktextfm ptmb7t
mktextfm nullfont
mktextfm ptmr7t
mktextfm ptmr7t
mktextfm ptmb7t
mktextfm nullfont
mktextfm ptmr7t
mktextfm pcrr7t
mktextfm ptmr7t
mktextfm ptmb7t
mktextfm nullfont
mktexpk --mfmode ljfour --bdpi 600 --mag 4+180/600 --dpi 2580 cmsy10
mktextfm ptmr7t
mktextfm ptmr7t
mktextfm ptmb7t
mktextfm nullfont
mktextfm ptmr7t
mktextfm pcrr7t
mktextfm ptmr7t
mktextfm ptmb7t
mktextfm nullfont
mktexpk --mfmode ljfour --bdpi 600 --mag 4+180/600 --dpi 2580 cmsy10
mktexpk --mfmode ljfour --bdpi 600 --mag 5+96/600 --dpi 3096 cmbx12
mktexpk --mfmode ljfour --bdpi 600 --mag 3+350/600 --dpi 2150 cmr17
mktexpk --mfmode ljfour --bdpi 600 --mag 2+293/600 --dpi 1493 cmr17
mktexpk --mfmode ljfour --bdpi 600 --mag 4+180/600 --dpi 2580 cmsy10
mktexpk --mfmode ljfour --bdpi 600 --mag 3+350/600 --dpi 2150 cmtt12
mktexpk --mfmode ljfour --bdpi 600 --mag 2+293/600 --dpi 1493 cmbx12
mktexpk --mfmode ljfour --bdpi 600 --mag 5+96/600 --dpi 3096 cmbx12
mktexpk --mfmode ljfour --bdpi 600 --mag 3+350/600 --dpi 2150 cmr17
mktexpk --mfmode ljfour --bdpi 600 --mag 2+293/600 --dpi 1493 cmr17
mktexpk --mfmode ljfour --bdpi 600 --mag 4+180/600 --dpi 2580 cmsy10
mktexpk --mfmode ljfour --bdpi 600 --mag 3+350/600 --dpi 2150 cmtt12
mktexpk --mfmode ljfour --bdpi 600 --mag 2+293/600 --dpi 1493 cmbx12
mktexpk --mfmode ljfour --bdpi 600 --mag 5+96/600 --dpi 3096 cmbx12
mktexpk --mfmode ljfour --bdpi 600 --mag 3+350/600 --dpi 2150 cmr17
mktexpk --mfmode ljfour --bdpi 600 --mag 2+293/600 --dpi 1493 cmr17
mktexpk --mfmode ljfour --bdpi 600 --mag 4+180/600 --dpi 2580 cmsy10
mktexpk --mfmode ljfour --bdpi 600 --mag 3+350/600 --dpi 2150 cmtt12
mktexpk --mfmode ljfour --bdpi 600 --mag 2+293/600 --dpi 1493 cmbx12
mktexpk --mfmode ljfour --bdpi 600 --mag 5+96/600 --dpi 3096 cmbx12
mktexpk --mfmode ljfour --bdpi 600 --mag 3+350/600 --dpi 2150 cmr17
mktexpk --mfmode ljfour --bdpi 600 --mag 2+293/600 --dpi 1493 cmr17
mktexpk --mfmode ljfour --bdpi 600 --mag 4+180/600 --dpi 2580 cmsy10
mktexpk --mfmode ljfour --bdpi 600 --mag 3+350/600 --dpi 2150 cmtt12
mktexpk --mfmode ljfour --bdpi 600 --mag 2+293/600 --dpi 1493 cmbx12
mktexpk --mfmode ljfour --bdpi 600 --mag 5+96/600 --dpi 3096 cmbx12
mktexpk --mfmode ljfour --bdpi 600 --mag 2+293/600 --dpi 1493 cmr17
mktexpk --mfmode ljfour --bdpi 600 --mag 4+180/600 --dpi 2580 cmsy10
mktexpk --mfmode ljfour --bdpi 600 --mag 3+350/600 --dpi 2150 cmtt12
mktexpk --mfmode ljfour --bdpi 600 --mag 2+293/600 --dpi 1493 cmbx12
mktexpk --mfmode ljfour --bdpi 600 --mag 2+293/600 --dpi 1493 cmr17
mktexpk --mfmode ljfour --bdpi 600 --mag 4+180/600 --dpi 2580 cmsy10
mktexpk --mfmode ljfour --bdpi 600 --mag 3+350/600 --dpi 2150 cmtt12
mktexpk --mfmode ljfour --bdpi 600 --mag 2+293/600 --dpi 1493 cmbx12
mktexpk --mfmode ljfour --bdpi 600 --mag 2+293/600 --dpi 1493 cmr17
mktexpk --mfmode ljfour --bdpi 600 --mag 4+180/600 --dpi 2580 cmsy10
mktexpk --mfmode ljfour --bdpi 600 --mag 3+350/600 --dpi 2150 cmtt12
mktexpk --mfmode ljfour --bdpi 600 --mag 2+293/600 --dpi 1493 cmbx12
mktexpk --mfmode ljfour --bdpi 600 --mag 2+293/600 --dpi 1493 cmr17
mktexpk --mfmode ljfour --bdpi 600 --mag 2+293/600 --dpi 1493 cmbx12
mktexpk --mfmode ljfour --bdpi 600 --mag 2+293/600 --dpi 1493 cmr17
mktexpk --mfmode ljfour --bdpi 600 --mag 4+180/600 --dpi 2580 cmsy10
mktexpk --mfmode ljfour --bdpi 600 --mag 2+293/600 --dpi 1493 cmbx12
mktexpk --mfmode ljfour --bdpi 600 --mag 2+293/600 --dpi 1493 cmr17
mktexpk --mfmode ljfour --bdpi 600 --mag 4+180/600 --dpi 2580 cmsy10
mktexpk --mfmode ljfour --bdpi 600 --mag 2+293/600 --dpi 1493 cmbx12
mktexpk --mfmode ljfour --bdpi 600 --mag 2+293/600 --dpi 1493 cmr17
mktexpk --mfmode ljfour --bdpi 600 --mag 4+180/600 --dpi 2580 cmsy10
mktexpk --mfmode ljfour --bdpi 600 --mag 2+293/600 --dpi 1493 cmbx12
mktexpk --mfmode ljfour --bdpi 600 --mag 2+293/600 --dpi 1493 cmr17
mktexpk --mfmode ljfour --bdpi 600 --mag 4+180/600 --dpi 2580 cmsy10
mktexpk --mfmode ljfour --bdpi 600 --mag 2+293/600 --dpi 1493 cmbx12
mktexpk --mfmode ljfour --bdpi 600 --mag 2+293/600 --dpi 1493 cmr17
mktexpk --mfmode ljfour --bdpi 600 --mag 4+180/600 --dpi 2580 cmsy10
mktexpk --mfmode ljfour --bdpi 600 --mag 2+293/600 --dpi 1493 cmbx12
mktexpk --mfmode ljfour --bdpi 600 --mag 2+293/600 --dpi 1493 cmr17
mktexpk --mfmode ljfour --bdpi 600 --mag 4+180/600 --dpi 2580 cmsy10
mktexpk --mfmode ljfour --bdpi 600 --mag 2+293/600 --dpi 1493 cmbx12
mktexpk --mfmode ljfour --bdpi 600 --mag 2+293/600 --dpi 1493 cmr17
mktexpk --mfmode ljfour --bdpi 600 --mag 2+44/600 --dpi 1244 cmr17
mktexpk --mfmode ljfour --bdpi 600 --mag 3+350/600 --dpi 2150 cmsy10
mktexpk --mfmode ljfour --bdpi 600 --mag 2+293/600 --dpi 1493 cmbx12
mktexpk --mfmode ljfour --bdpi 600 --mag 2+293/600 --dpi 1493 cmr17
mktexpk --mfmode ljfour --bdpi 600 --mag 2+44/600 --dpi 1244 cmr17
mktexpk --mfmode ljfour --bdpi 600 --mag 3+350/600 --dpi 2150 cmsy10
mktexpk --mfmode ljfour --bdpi 600 --mag 2+293/600 --dpi 1493 cmbx12
mktexpk --mfmode ljfour --bdpi 600 --mag 2+293/600 --dpi 1493 cmr17
mktexpk --mfmode ljfour --bdpi 600 --mag 2+44/600 --dpi 1244 cmr17
mktexpk --mfmode ljfour --bdpi 600 --mag 3+350/600 --dpi 2150 cmsy10
mktexpk --mfmode ljfour --bdpi 600 --mag 1+437/600 --dpi 1037 cmr17
mktexpk --mfmode ljfour --bdpi 600 --mag 2+293/600 --dpi 1493 cmbx12
mktexpk --mfmode ljfour --bdpi 600 --mag 2+293/600 --dpi 1493 cmr17
mktexpk --mfmode ljfour --bdpi 600 --mag 2+44/600 --dpi 1244 cmr17
mktexpk --mfmode ljfour --bdpi 600 --mag 3+350/600 --dpi 2150 cmsy10
mktexpk --mfmode ljfour --bdpi 600 --mag 1+437/600 --dpi 1037 cmr17
mktexpk --mfmode ljfour --bdpi 600 --mag 2+293/600 --dpi 1493 cmr17
mktexpk --mfmode ljfour --bdpi 600 --mag 2+44/600 --dpi 1244 cmr17
mktexpk --mfmode ljfour --bdpi 600 --mag 3+350/600 --dpi 2150 cmsy10
mktexpk --mfmode ljfour --bdpi 600 --mag 1+437/600 --dpi 1037 cmr17
mktexpk --mfmode ljfour --bdpi 600 --mag 2+293/600 --dpi 1493 cmr17
mktexpk --mfmode ljfour --bdpi 600 --mag 2+44/600 --dpi 1244 cmr17
mktexpk --mfmode ljfour --bdpi 600 --mag 3+350/600 --dpi 2150 cmsy10
mktexpk --mfmode ljfour --bdpi 600 --mag 1+437/600 --dpi 1037 cmr17
mktexpk --mfmode ljfour --bdpi 600 --mag 2+293/600 --dpi 1493 cmr17
mktexpk --mfmode ljfour --bdpi 600 --mag 2+44/600 --dpi 1244 cmr17
mktexpk --mfmode ljfour --bdpi 600 --mag 3+350/600 --dpi 2150 cmsy10
mktexpk --mfmode ljfour --bdpi 600 --mag 1+437/600 --dpi 1037 cmr17
mktexpk --mfmode ljfour --bdpi 600 --mag 2+293/600 --dpi 1493 cmr17
mktexpk --mfmode ljfour --bdpi 600 --mag 2+44/600 --dpi 1244 cmr17
mktexpk --mfmode ljfour --bdpi 600 --mag 3+350/600 --dpi 2150 cmsy10
mktexpk --mfmode ljfour --bdpi 600 --mag 1+437/600 --dpi 1037 cmr17
mktexpk --mfmode ljfour --bdpi 600 --mag 2+293/600 --dpi 1493 cmr17
mktexpk --mfmode ljfour --bdpi 600 --mag 2+44/600 --dpi 1244 cmr17
mktexpk --mfmode ljfour --bdpi 600 --mag 3+350/600 --dpi 2150 cmsy10
mktexpk --mfmode ljfour --bdpi 600 --mag 1+437/600 --dpi 1037 cmr17
mktexpk --mfmode ljfour --bdpi 600 --mag 2+293/600 --dpi 1493 cmr17
mktexpk --mfmode ljfour --bdpi 600 --mag 2+44/600 --dpi 1244 cmr17
mktexpk --mfmode ljfour --bdpi 600 --mag 3+350/600 --dpi 2150 cmsy10
mktexpk --mfmode ljfour --bdpi 600 --mag 1+437/600 --dpi 1037 cmr17
mktexpk --mfmode ljfour --bdpi 600 --mag 2+293/600 --dpi 1493 cmr17
mktexpk --mfmode ljfour --bdpi 600 --mag 2+44/600 --dpi 1244 cmr17
mktexpk --mfmode ljfour --bdpi 600 --mag 3+350/600 --dpi 2150 cmsy10
mktexpk --mfmode ljfour --bdpi 600 --mag 1+437/600 --dpi 1037 cmr17
mktexpk --mfmode ljfour --bdpi 600 --mag 2+293/600 --dpi 1493 cmr17
mktexpk --mfmode ljfour --bdpi 600 --mag 2+44/600 --dpi 1244 cmr17
mktexpk --mfmode ljfour --bdpi 600 --mag 3+350/600 --dpi 2150 cmsy10
mktexpk --mfmode ljfour --bdpi 600 --mag 1+437/600 --dpi 1037 cmr17
mktexpk --mfmode ljfour --bdpi 600 --mag 2+293/600 --dpi 1493 cmr17
mktexpk --mfmode ljfour --bdpi 600 --mag 2+44/600 --dpi 1244 cmr17
mktexpk --mfmode ljfour --bdpi 600 --mag 3+350/600 --dpi 2150 cmsy10
mktexpk --mfmode ljfour --bdpi 600 --mag 1+437/600 --dpi 1037 cmr17
mktexpk --mfmode ljfour --bdpi 600 --mag 2+293/600 --dpi 1493 cmr17
mktexpk --mfmode ljfour --bdpi 600 --mag 2+44/600 --dpi 1244 cmr17
mktexpk --mfmode ljfour --bdpi 600 --mag 3+350/600 --dpi 2150 cmsy10
mktexpk --mfmode ljfour --bdpi 600 --mag 1+437/600 --dpi 1037 cmr17
mktexpk --mfmode ljfour --bdpi 600 --mag 2+293/600 --dpi 1493 cmr17
mktexpk --mfmode ljfour --bdpi 600 --mag 2+44/600 --dpi 1244 cmr17
mktexpk --mfmode ljfour --bdpi 600 --mag 3+350/600 --dpi 2150 cmsy10
mktexpk --mfmode ljfour --bdpi 600 --mag 1+437/600 --dpi 1037 cmr17
mktexpk --mfmode ljfour --bdpi 600 --mag 2+293/600 --dpi 1493 cmr17
mktexpk --mfmode ljfour --bdpi 600 --mag 2+44/600 --dpi 1244 cmr17
mktexpk --mfmode ljfour --bdpi 600 --mag 3+350/600 --dpi 2150 cmsy10
mktexpk --mfmode ljfour --bdpi 600 --mag 1+437/600 --dpi 1037 cmr17
mktexpk --mfmode ljfour --bdpi 600 --mag 2+293/600 --dpi 1493 cmr17
mktexpk --mfmode ljfour --bdpi 600 --mag 2+44/600 --dpi 1244 cmr17
mktexpk --mfmode ljfour --bdpi 600 --mag 3+350/600 --dpi 2150 cmsy10
mktexpk --mfmode ljfour --bdpi 600 --mag 1+437/600 --dpi 1037 cmr17
mktexpk --mfmode ljfour --bdpi 600 --mag 2+293/600 --dpi 1493 cmr17
mktexpk --mfmode ljfour --bdpi 600 --mag 2+44/600 --dpi 1244 cmr17
mktexpk --mfmode ljfour --bdpi 600 --mag 3+350/600 --dpi 2150 cmsy10
mktexpk --mfmode ljfour --bdpi 600 --mag 1+437/600 --dpi 1037 cmr17
mktexpk --mfmode ljfour --bdpi 600 --mag 2+293/600 --dpi 1493 cmr17
mktexpk --mfmode ljfour --bdpi 600 --mag 2+44/600 --dpi 1244 cmr17
mktexpk --mfmode ljfour --bdpi 600 --mag 3+350/600 --dpi 2150 cmsy10
mktexpk --mfmode ljfour --bdpi 600 --mag 1+437/600 --dpi 1037 cmr17
mktexpk --mfmode ljfour --bdpi 600 --mag 2+293/600 --dpi 1493 cmr17
mktexpk --mfmode ljfour --bdpi 600 --mag 2+44/600 --dpi 1244 cmr17
mktexpk --mfmode ljfour --bdpi 600 --mag 3+350/600 --dpi 2150 cmsy10
mktexpk --mfmode ljfour --bdpi 600 --mag 1+437/600 --dpi 1037 cmr17
mktexpk --mfmode ljfour --bdpi 600 --mag 2+293/600 --dpi 1493 cmr17
mktexpk --mfmode ljfour --bdpi 600 --mag 2+44/600 --dpi 1244 cmr17
mktexpk --mfmode ljfour --bdpi 600 --mag 3+350/600 --dpi 2150 cmsy10
mktexpk --mfmode ljfour --bdpi 600 --mag 1+437/600 --dpi 1037 cmr17
mktexpk --mfmode ljfour --bdpi 600 --mag 2+293/600 --dpi 1493 cmr17
mktexpk --mfmode ljfour --bdpi 600 --mag 2+44/600 --dpi 1244 cmr17
mktexpk --mfmode ljfour --bdpi 600 --mag 3+350/600 --dpi 2150 cmsy10
mktexpk --mfmode ljfour --bdpi 600 --mag 1+437/600 --dpi 1037 cmr17
mktexpk --mfmode ljfour --bdpi 600 --mag 2+293/600 --dpi 1493 cmr17
mktexpk --mfmode ljfour --bdpi 600 --mag 2+44/600 --dpi 1244 cmr17
mktexpk --mfmode ljfour --bdpi 600 --mag 3+350/600 --dpi 2150 cmsy10
mktexpk --mfmode ljfour --bdpi 600 --mag 1+437/600 --dpi 1037 cmr17
mktexpk --mfmode ljfour --bdpi 600 --mag 2+293/600 --dpi 1493 cmr17
mktexpk --mfmode ljfour --bdpi 600 --mag 2+44/600 --dpi 1244 cmr17
mktexpk --mfmode ljfour --bdpi 600 --mag 3+350/600 --dpi 2150 cmsy10
mktexpk --mfmode ljfour --bdpi 600 --mag 1+437/600 --dpi 1037 cmr17
mktexpk --mfmode ljfour --bdpi 600 --mag 2+293/600 --dpi 1493 cmr17
mktexpk --mfmode ljfour --bdpi 600 --mag 2+44/600 --dpi 1244 cmr17
mktexpk --mfmode ljfour --bdpi 600 --mag 3+350/600 --dpi 2150 cmsy10
mktexpk --mfmode ljfour --bdpi 600 --mag 1+437/600 --dpi 1037 cmr17
mktexpk --mfmode ljfour --bdpi 600 --mag 2+293/600 --dpi 1493 cmr17
mktexpk --mfmode ljfour --bdpi 600 --mag 2+44/600 --dpi 1244 cmr17
mktexpk --mfmode ljfour --bdpi 600 --mag 3+350/600 --dpi 2150 cmsy10
mktexpk --mfmode ljfour --bdpi 600 --mag 1+437/600 --dpi 1037 cmr17
mktexpk --mfmode ljfour --bdpi 600 --mag 2+293/600 --dpi 1493 cmr17
mktexpk --mfmode ljfour --bdpi 600 --mag 2+44/600 --dpi 1244 cmr17
mktexpk --mfmode ljfour --bdpi 600 --mag 3+350/600 --dpi 2150 cmsy10
mktexpk --mfmode ljfour --bdpi 600 --mag 1+437/600 --dpi 1037 cmr17
mktexpk --mfmode ljfour --bdpi 600 --mag 2+293/600 --dpi 1493 cmr17
mktexpk --mfmode ljfour --bdpi 600 --mag 2+44/600 --dpi 1244 cmr17
mktexpk --mfmode ljfour --bdpi 600 --mag 3+350/600 --dpi 2150 cmsy10
mktexpk --mfmode ljfour --bdpi 600 --mag 1+437/600 --dpi 1037 cmr17
mktexpk --mfmode ljfour --bdpi 600 --mag 2+293/600 --dpi 1493 cmr17
mktexpk --mfmode ljfour --bdpi 600 --mag 2+44/600 --dpi 1244 cmr17
mktexpk --mfmode ljfour --bdpi 600 --mag 3+350/600 --dpi 2150 cmsy10
mktexpk --mfmode ljfour --bdpi 600 --mag 1+437/600 --dpi 1037 cmr17
mktexpk --mfmode ljfour --bdpi 600 --mag 2+293/600 --dpi 1493 cmr17
mktexpk --mfmode ljfour --bdpi 600 --mag 2+44/600 --dpi 1244 cmr17
mktexpk --mfmode ljfour --bdpi 600 --mag 3+350/600 --dpi 2150 cmsy10
mktexpk --mfmode ljfour --bdpi 600 --mag 1+437/600 --dpi 1037 cmr17
mktexpk --mfmode ljfour --bdpi 600 --mag 1+264/600 --dpi 864 cmr17
mktexpk --mfmode ljfour --bdpi 600 --mag 2+293/600 --dpi 1493 cmr17
mktexpk --mfmode ljfour --bdpi 600 --mag 2+44/600 --dpi 1244 cmr17
mktexpk --mfmode ljfour --bdpi 600 --mag 3+350/600 --dpi 2150 cmsy10
mktexpk --mfmode ljfour --bdpi 600 --mag 1+437/600 --dpi 1037 cmr17
mktexpk --mfmode ljfour --bdpi 600 --mag 1+264/600 --dpi 864 cmr17
mktexpk --mfmode ljfour --bdpi 600 --mag 2+293/600 --dpi 1493 cmr17
mktexpk --mfmode ljfour --bdpi 600 --mag 2+44/600 --dpi 1244 cmr17
mktexpk --mfmode ljfour --bdpi 600 --mag 3+350/600 --dpi 2150 cmsy10
mktexpk --mfmode ljfour --bdpi 600 --mag 1+437/600 --dpi 1037 cmr17
mktexpk --mfmode ljfour --bdpi 600 --mag 1+264/600 --dpi 864 cmr17
mktexpk --mfmode ljfour --bdpi 600 --mag 2+293/600 --dpi 1493 cmr17
mktexpk --mfmode ljfour --bdpi 600 --mag 2+44/600 --dpi 1244 cmr17
mktexpk --mfmode ljfour --bdpi 600 --mag 3+350/600 --dpi 2150 cmsy10
mktexpk --mfmode ljfour --bdpi 600 --mag 1+437/600 --dpi 1037 cmr17
mktexpk --mfmode ljfour --bdpi 600 --mag 1+264/600 --dpi 864 cmr17
mktexpk --mfmode ljfour --bdpi 600 --mag 2+293/600 --dpi 1493 cmr17
mktexpk --mfmode ljfour --bdpi 600 --mag 2+44/600 --dpi 1244 cmr17
mktexpk --mfmode ljfour --bdpi 600 --mag 3+350/600 --dpi 2150 cmsy10
mktexpk --mfmode ljfour --bdpi 600 --mag 1+437/600 --dpi 1037 cmr17
mktexpk --mfmode ljfour --bdpi 600 --mag 1+264/600 --dpi 864 cmr17
mktexpk --mfmode ljfour --bdpi 600 --mag 2+293/600 --dpi 1493 cmr17
mktexpk --mfmode ljfour --bdpi 600 --mag 2+44/600 --dpi 1244 cmr17
mktexpk --mfmode ljfour --bdpi 600 --mag 3+350/600 --dpi 2150 cmsy10
mktexpk --mfmode ljfour --bdpi 600 --mag 1+437/600 --dpi 1037 cmr17
mktexpk --mfmode ljfour --bdpi 600 --mag 1+264/600 --dpi 864 cmr17
mktexpk --mfmode ljfour --bdpi 600 --mag 2+44/600 --dpi 1244 cmr17
mktexpk --mfmode ljfour --bdpi 600 --mag 3+350/600 --dpi 2150 cmsy10
mktexpk --mfmode ljfour --bdpi 600 --mag 1+437/600 --dpi 1037 cmr17
mktexpk --mfmode ljfour --bdpi 600 --mag 1+264/600 --dpi 864 cmr17
mktexpk --mfmode ljfour --bdpi 600 --mag 2+44/600 --dpi 1244 cmr17
mktexpk --mfmode ljfour --bdpi 600 --mag 3+350/600 --dpi 2150 cmsy10
mktexpk --mfmode ljfour --bdpi 600 --mag 1+437/600 --dpi 1037 cmr17
mktexpk --mfmode ljfour --bdpi 600 --mag 1+264/600 --dpi 864 cmr17
mktexpk --mfmode ljfour --bdpi 600 --mag 2+44/600 --dpi 1244 cmr17
mktexpk --mfmode ljfour --bdpi 600 --mag 3+350/600 --dpi 2150 cmsy10
mktexpk --mfmode ljfour --bdpi 600 --mag 1+437/600 --dpi 1037 cmr17
mktexpk --mfmode ljfour --bdpi 600 --mag 1+264/600 --dpi 864 cmr17
mktexpk --mfmode ljfour --bdpi 600 --mag 2+44/600 --dpi 1244 cmr17
mktexpk --mfmode ljfour --bdpi 600 --mag 3+350/600 --dpi 2150 cmsy10
mktexpk --mfmode ljfour --bdpi 600 --mag 1+437/600 --dpi 1037 cmr17
mktexpk --mfmode ljfour --bdpi 600 --mag 1+264/600 --dpi 864 cmr17
mktexpk --mfmode ljfour --bdpi 600 --mag 2+44/600 --dpi 1244 cmr17
mktexpk --mfmode ljfour --bdpi 600 --mag 3+350/600 --dpi 2150 cmsy10
mktexpk --mfmode ljfour --bdpi 600 --mag 1+437/600 --dpi 1037 cmr17
